1535711707463	addons.update-checker	WARN	onUpdateCheckComplete failed to parse update manifest: [Exception... "Update manifest is missing a required addons property."  nsresult: "0x80004005 (NS_ERROR_FAILURE)"  location: "JS frame :: resource://gre/modules/addons/AddonUpdateChecker.jsm :: getRequiredProperty :: line 466"  data: no] Stack trace: getRequiredProperty()@resource://gre/modules/addons/AddonUpdateChecker.jsm:466 < parseJSONManifest()@resource://gre/modules/addons/AddonUpdateChecker.jsm:476 < UpdateParser.prototype.onLoad/parser()@resource://gre/modules/addons/AddonUpdateChecker.jsm:647 < UpdateParser.prototype.onLoad()@resource://gre/modules/addons/AddonUpdateChecker.jsm:667 < UpdateParser/<()@resource://gre/modules/addons/AddonUpdateChecker.jsm:585
1535711707714	addons.update-checker	WARN	onUpdateCheckComplete failed to parse update manifest: [Exception... "Update manifest is missing a required addons property."  nsresult: "0x80004005 (NS_ERROR_FAILURE)"  location: "JS frame :: resource://gre/modules/addons/AddonUpdateChecker.jsm :: getRequiredProperty :: line 466"  data: no] Stack trace: getRequiredProperty()@resource://gre/modules/addons/AddonUpdateChecker.jsm:466 < parseJSONManifest()@resource://gre/modules/addons/AddonUpdateChecker.jsm:476 < UpdateParser.prototype.onLoad/parser()@resource://gre/modules/addons/AddonUpdateChecker.jsm:647 < UpdateParser.prototype.onLoad()@resource://gre/modules/addons/AddonUpdateChecker.jsm:667 < UpdateParser/<()@resource://gre/modules/addons/AddonUpdateChecker.jsm:585
1535711707999	addons.update-checker	WARN	onUpdateCheckComplete failed to parse update manifest: [Exception... "Update manifest is missing a required addons property."  nsresult: "0x80004005 (NS_ERROR_FAILURE)"  location: "JS frame :: resource://gre/modules/addons/AddonUpdateChecker.jsm :: getRequiredProperty :: line 466"  data: no] Stack trace: getRequiredProperty()@resource://gre/modules/addons/AddonUpdateChecker.jsm:466 < parseJSONManifest()@resource://gre/modules/addons/AddonUpdateChecker.jsm:476 < UpdateParser.prototype.onLoad/parser()@resource://gre/modules/addons/AddonUpdateChecker.jsm:647 < UpdateParser.prototype.onLoad()@resource://gre/modules/addons/AddonUpdateChecker.jsm:667 < UpdateParser/<()@resource://gre/modules/addons/AddonUpdateChecker.jsm:585
1535711708561	addons.update-checker	WARN	onUpdateCheckComplete failed to parse update manifest: [Exception... "Update manifest is missing a required addons property."  nsresult: "0x80004005 (NS_ERROR_FAILURE)"  location: "JS frame :: resource://gre/modules/addons/AddonUpdateChecker.jsm :: getRequiredProperty :: line 466"  data: no] Stack trace: getRequiredProperty()@resource://gre/modules/addons/AddonUpdateChecker.jsm:466 < parseJSONManifest()@resource://gre/modules/addons/AddonUpdateChecker.jsm:476 < UpdateParser.prototype.onLoad/parser()@resource://gre/modules/addons/AddonUpdateChecker.jsm:647 < UpdateParser.prototype.onLoad()@resource://gre/modules/addons/AddonUpdateChecker.jsm:667 < UpdateParser/<()@resource://gre/modules/addons/AddonUpdateChecker.jsm:585
1535711708844	addons.update-checker	WARN	onUpdateCheckComplete failed to parse update manifest: [Exception... "Update manifest is missing a required addons property."  nsresult: "0x80004005 (NS_ERROR_FAILURE)"  location: "JS frame :: resource://gre/modules/addons/AddonUpdateChecker.jsm :: getRequiredProperty :: line 466"  data: no] Stack trace: getRequiredProperty()@resource://gre/modules/addons/AddonUpdateChecker.jsm:466 < parseJSONManifest()@resource://gre/modules/addons/AddonUpdateChecker.jsm:476 < UpdateParser.prototype.onLoad/parser()@resource://gre/modules/addons/AddonUpdateChecker.jsm:647 < UpdateParser.prototype.onLoad()@resource://gre/modules/addons/AddonUpdateChecker.jsm:667 < UpdateParser/<()@resource://gre/modules/addons/AddonUpdateChecker.jsm:585

###!!! [Parent][OnMaybeDequeueOne] Error: Channel closing: too late to send/recv, messages will be lost


(gedit:3482): Gtk-WARNING **: GtkScrolledWindow 0x90ef3b8 is mapped but visible child GtkScrollbar 0x90f1818 is not mapped

(gedit:3482): Gtk-WARNING **: GtkScrolledWindow 0x90ef3b8 is mapped but visible child GtkScrollbar 0x90f19a0 is not mapped

(gedit:3482): Gtk-WARNING **: GtkScrolledWindow 0x90ef3b8 is mapped but visible child GtkScrollbar 0x90f1818 is not mapped

(gedit:3482): Gtk-WARNING **: GtkScrolledWindow 0x90ef3b8 is mapped but visible child GtkScrollbar 0x90f19a0 is not mapped

(gedit:3482): Gtk-WARNING **: GtkScrolledWindow 0x90ef3b8 is mapped but visible child GtkScrollbar 0x90f19a0 is not mapped

(gedit:3482): Gtk-WARNING **: GtkScrolledWindow 0x90ef3b8 is mapped but visible child GtkScrollbar 0x90f1818 is not mapped

(gedit:3482): Gtk-WARNING **: GtkScrolledWindow 0x90ef3b8 is mapped but visible child GtkScrollbar 0x90f19a0 is not mapped

(gedit:3482): Gtk-WARNING **: GtkScrolledWindow 0x90ef3b8 is mapped but visible child GtkScrollbar 0x90f1818 is not mapped

(gedit:3482): Gtk-WARNING **: GtkScrolledWindow 0x90ef3b8 is mapped but visible child GtkScrollbar 0x90f1818 is not mapped

(gedit:3482): Gtk-WARNING **: GtkScrolledWindow 0x90ef3b8 is mapped but visible child GtkScrollbar 0x90f19a0 is not mapped

(gedit:3482): Gtk-WARNING **: GtkScrolledWindow 0x90ef3b8 is mapped but visible child GtkScrollbar 0x90f1818 is not mapped

(gedit:3482): Gtk-WARNING **: GtkScrolledWindow 0x90ef3b8 is mapped but visible child GtkScrollbar 0x90f19a0 is not mapped
[2659:2659:0831/160820:ERROR:CONSOLE(1)] "Failed to set referrer policy: The value 'strict-origin' is not one of 'always', 'default', 'never', 'no-referrer', 'no-referrer-when-downgrade', 'origin', 'origin-when-crossorigin', or 'unsafe-url'. This document's referrer policy has been left unchanged.", source: https://www.google.co.in/_/chrome/newtab?espv=2&ie=UTF-8&client=ubuntu (1)
[2659:2659:0831/161902:ERROR:CONSOLE(1)] "Failed to set referrer policy: The value 'strict-origin' is not one of 'always', 'default', 'never', 'no-referrer', 'no-referrer-when-downgrade', 'origin', 'origin-when-crossorigin', or 'unsafe-url'. This document's referrer policy has been left unchanged.", source: https://www.google.co.in/_/chrome/newtab?espv=2&ie=UTF-8&client=ubuntu (1)
Fontconfig error: Cannot load default config file

(firefox:4364): GLib-GObject-WARNING **: Attempt to add property GnomeProgram::sm-connect after class was initialised

(firefox:4364): GLib-GObject-WARNING **: Attempt to add property GnomeProgram::show-crash-dialog after class was initialised

(firefox:4364): GLib-GObject-WARNING **: Attempt to add property GnomeProgram::display after class was initialised

(firefox:4364): GLib-GObject-WARNING **: Attempt to add property GnomeProgram::default-icon after class was initialised
Created new window in existing browser session.

(firefox:4573): GLib-GObject-WARNING **: Attempt to add property GnomeProgram::sm-connect after class was initialised

(firefox:4573): GLib-GObject-WARNING **: Attempt to add property GnomeProgram::show-crash-dialog after class was initialised

(firefox:4573): GLib-GObject-WARNING **: Attempt to add property GnomeProgram::display after class was initialised

(firefox:4573): GLib-GObject-WARNING **: Attempt to add property GnomeProgram::default-icon after class was initialised
Created new window in existing browser session.

(firefox:4743): GLib-GObject-WARNING **: Attempt to add property GnomeProgram::sm-connect after class was initialised

(firefox:4743): GLib-GObject-WARNING **: Attempt to add property GnomeProgram::show-crash-dialog after class was initialised

(firefox:4743): GLib-GObject-WARNING **: Attempt to add property GnomeProgram::display after class was initialised

(firefox:4743): GLib-GObject-WARNING **: Attempt to add property GnomeProgram::default-icon after class was initialised
Created new window in existing browser session.
[2659:2659:0831/163839:ERROR:CONSOLE(1)] "Failed to set referrer policy: The value 'strict-origin' is not one of 'always', 'default', 'never', 'no-referrer', 'no-referrer-when-downgrade', 'origin', 'origin-when-crossorigin', or 'unsafe-url'. This document's referrer policy has been left unchanged.", source: https://www.google.co.in/_/chrome/newtab?espv=2&ie=UTF-8&client=ubuntu (1)
[2659:2659:0831/163845:ERROR:CONSOLE(0)] "Unrecognized Content-Security-Policy directive 'worker-src'.
", source: https://notifications.google.com/u/0/widget?sourceid=243&hl=en&origin=https%3A%2F%2Fwww.google.co.in&uc=1&usegapi=1&jsh=m%3B%2F_%2Fscs%2Fabc-static%2F_%2Fjs%2Fk%3Dgapi.gapi.en.bSfaJ330ulQ.O%2Frt%3Dj%2Fd%3D1%2Frs%3DAHpOoo9ETX0ujNe7X7enovCK61wuo61HKQ%2Fm%3D__features__#pid=243&_methods=onError%2ConInfo%2ChideNotificationWidget%2CpostSharedMessage%2Creauth%2CsetNotificationWidgetHeight%2CsetNotificationWidgetSize%2CswitchTo%2CnavigateTo%2CsetNotificationText%2CsetNotificationAnimation%2CgetNotificationText%2CvalidateUser%2C_ready&id=I0_1535713725534&_gfid=I0_1535713725534&parent=https%3A%2F%2Fwww.google.co.in&pfname=&rpctoken=32614682 (0)
Created new window in existing browser session.

(firefox:5060): GLib-GObject-WARNING **: Attempt to add property GnomeProgram::sm-connect after class was initialised

(firefox:5060): GLib-GObject-WARNING **: Attempt to add property GnomeProgram::show-crash-dialog after class was initialised

(firefox:5060): GLib-GObject-WARNING **: Attempt to add property GnomeProgram::display after class was initialised

(firefox:5060): GLib-GObject-WARNING **: Attempt to add property GnomeProgram::default-icon after class was initialised
Created new window in existing browser session.
[2659:2659:0831/170314:ERROR:CONSOLE(1)] "Failed to set referrer policy: The value 'strict-origin' is not one of 'always', 'default', 'never', 'no-referrer', 'no-referrer-when-downgrade', 'origin', 'origin-when-crossorigin', or 'unsafe-url'. This document's referrer policy has been left unchanged.", source: https://www.google.co.in/_/chrome/newtab?espv=2&ie=UTF-8&client=ubuntu (1)

(gnome-terminal:5768): GLib-GIO-CRITICAL **: g_settings_get: the format string may not contain '&' (key 'monospace-font-name' from schema 'org.gnome.desktop.interface'). This call will probably stop working with a future version of glib.
WARN  2018-08-31 17:11:10 unity.iconloader IconLoader.cpp:262 Unable to load icon gnome-panel-force-quit at size 64
